Process: svchost.exe Pid: 856 Address: 0xb70000
Vad Tag: VadS Protection: PAGE_EXECUTE_READWRITE
Flags: CommitCharge: 38, MemCommit: 1, PrivateMemory: 1, Protection: 6

0x00b70000  4d 5a 90 00 03 00 00 00 04 00 00 00 ff ff 00 00   MZ..............
0x00b70010  b8 00 00 00 00 00 00 00 40 00 00 00 00 00 00 00   ........@.......
0x00b70020  00 00 00 00 00 00 00 00 00 00 00 00 00 00 00 00   ................
0x00b70030  00 00 00 00 00 00 00 00 00 00 00 00 d0 00 00 00   ................

0x00b70000 4d               DEC EBP
0x00b70001 5a               POP EDX
0x00b70002 90               NOP
0x00b70003 0003             ADD [EBX], AL
0x00b70005 0000             ADD [EAX], AL
0x00b70007 000400           ADD [EAX+EAX], AL
0x00b7000a 0000             ADD [EAX], AL
0x00b7000c ff               DB 0xff
0x00b7000d ff00             INC DWORD [EAX]
0x00b7000f 00b800000000     ADD [EAX+0x0], BH
0x00b70015 0000             ADD [EAX], AL
0x00b70017 004000           ADD [EAX+0x0], AL
0x00b7001a 0000             ADD [EAX], AL
0x00b7001c 0000             ADD [EAX], AL
0x00b7001e 0000             ADD [EAX], AL
0x00b70020 0000             ADD [EAX], AL
0x00b70022 0000             ADD [EAX], AL
0x00b70024 0000             ADD [EAX], AL
0x00b70026 0000             ADD [EAX], AL
0x00b70028 0000             ADD [EAX], AL
0x00b7002a 0000             ADD [EAX], AL
0x00b7002c 0000             ADD [EAX], AL
0x00b7002e 0000             ADD [EAX], AL
0x00b70030 0000             ADD [EAX], AL
0x00b70032 0000             ADD [EAX], AL
0x00b70034 0000             ADD [EAX], AL
0x00b70036 0000             ADD [EAX], AL
0x00b70038 0000             ADD [EAX], AL
0x00b7003a 0000             ADD [EAX], AL
0x00b7003c d000             ROL BYTE [EAX], 0x1
0x00b7003e 0000             ADD [EAX], AL

Process: svchost.exe Pid: 856 Address: 0xcb0000
Vad Tag: VadS Protection: PAGE_EXECUTE_READWRITE
Flags: CommitCharge: 1, MemCommit: 1, PrivateMemory: 1, Protection: 6

0x00cb0000  b8 35 00 00 00 e9 cd d7 c5 7b 00 00 00 00 00 00   .5.......{......
0x00cb0010  00 00 00 00 00 00 00 00 00 00 00 00 00 00 00 00   ................
0x00cb0020  00 00 00 00 00 00 00 00 00 00 00 00 00 00 00 00   ................
0x00cb0030  00 00 00 00 00 00 00 00 00 00 00 00 00 00 00 00   ................

0x00cb0000 b835000000       MOV EAX, 0x35
0x00cb0005 e9cdd7c57b       JMP 0x7c90d7d7
0x00cb000a 0000             ADD [EAX], AL
0x00cb000c 0000             ADD [EAX], AL
0x00cb000e 0000             ADD [EAX], AL
0x00cb0010 0000             ADD [EAX], AL
0x00cb0012 0000             ADD [EAX], AL
0x00cb0014 0000             ADD [EAX], AL
0x00cb0016 0000             ADD [EAX], AL
0x00cb0018 0000             ADD [EAX], AL
0x00cb001a 0000             ADD [EAX], AL
0x00cb001c 0000             ADD [EAX], AL
0x00cb001e 0000             ADD [EAX], AL
0x00cb0020 0000             ADD [EAX], AL
0x00cb0022 0000             ADD [EAX], AL
0x00cb0024 0000             ADD [EAX], AL
0x00cb0026 0000             ADD [EAX], AL
0x00cb0028 0000             ADD [EAX], AL
0x00cb002a 0000             ADD [EAX], AL
0x00cb002c 0000             ADD [EAX], AL
0x00cb002e 0000             ADD [EAX], AL
0x00cb0030 0000             ADD [EAX], AL
0x00cb0032 0000             ADD [EAX], AL
0x00cb0034 0000             ADD [EAX], AL
0x00cb0036 0000             ADD [EAX], AL
0x00cb0038 0000             ADD [EAX], AL
0x00cb003a 0000             ADD [EAX], AL
0x00cb003c 0000             ADD [EAX], AL
0x00cb003e 0000             ADD [EAX], AL

