System	4	0		
TPAutoConnSvc.e	1968	676	2010-08-11	06:06:39
TPAutoConnect.e	1084	1968	2010-08-11	06:06:52
VMUpgradeHelper	1788	676	2010-08-11	06:06:38
VMwareTray.exe	432	1724	2010-08-11	06:09:31
VMwareUser.exe	452	1724	2010-08-11	06:09:32
alg.exe	216	676	2010-08-11	06:06:39
cmd.exe	124	1668	2010-08-15	19:17:55
csrss.exe	608	544	2010-08-11	06:06:23
explorer.exe	1724	1708	2010-08-11	06:09:29
lsass.exe	688	632	2010-08-11	06:06:24
services.exe	676	632	2010-08-11	06:06:24
smss.exe	544	4	2010-08-11	06:06:21
spoolsv.exe	1432	676	2010-08-11	06:06:26
svchost.exe	1028	676	2010-08-11	06:06:24
svchost.exe	1088	676	2010-08-11	06:06:25
svchost.exe	1148	676	2010-08-11	06:06:26
svchost.exe	856	676	2010-08-11	06:06:24
svchost.exe	936	676	2010-08-11	06:06:24
vmacthlp.exe	844	676	2010-08-11	06:06:24
vmtoolsd.exe	1668	676	2010-08-11	06:06:35
winlogon.exe	632	544	2010-08-11	06:06:23
wscntfy.exe	888	1028	2010-08-11	06:06:49
wuauclt.exe	1732	1028	2010-08-11	06:07:44
wuauclt.exe	468	1028	2010-08-11	06:09:37
